build/app/outputs/mapping/release/usage.txt
com.example.l2helper_v2.R$style
com.example.l2helper_v2.R$string
com.example.l2helper_v2.R$styleable
com.example.l2helper_v2.R$layout
com.example.l2helper_v2.R$dimen
com.example.l2helper_v2.BuildConfig
com.example.l2helper_v2.R$attr
com.example.l2helper_v2.R$color
com.example.l2helper_v2.R$integer
com.example.l2helper_v2.R$drawable
com.example.l2helper_v2.R
com.example.l2helper_v2.R$mipmap
com.example.l2helper_v2.R$id
...
androidx.lifecycle.Observer:
    public abstract void onChanged(java.lang.Object)
kotlin.io.NoSuchFileException
kotlin.sequences.SequencesKt___SequencesKt$sorted$1
androidx.viewpager.R$dimen
io.flutter.app.FlutterApplication
androidx.core.view.LayoutInflaterCompat$Factory2Wrapper
androidx.core.content.ContextCompat$Api19Impl
androidx.core.app.NotificationCompat$BigPictureStyle$Api16Impl
kotlin.collections.unsigned.UArraysKt___UArraysKt
kotlin.sequences.DropWhileSequence
org.intellij.lang.annotations.JdkConstants$TitledBorderJustification
androidx.core.app.NotificationCompat$CarExtender$UnreadConversation$Builder
androidx.loader.content.ModernAsyncTask
kotlin.coroutines.intrinsics.IntrinsicsKt__IntrinsicsJvmKt$createCoroutineFromSuspendFunction$2
androidx.core.view.WindowInsetsCompat$Api21ReflectionHolder
androidx.core.view.accessibility.AccessibilityManagerCompat$AccessibilityStateChangeListener
kotlin.jvm.JvmOverloads
kotlin.ranges.UIntRange
kotlin.reflect.KCallable$DefaultImpls
io.flutter.embedding.engine.FlutterEngine:
    public void <init>(android.content.Context)
    public void <init>(android.content.Context,java.lang.String[])
    public void <init>(android.content.Context,java.lang.String[],boolean)
    public void <init>(android.content.Context,io.flutter.embedding.engine.loader.FlutterLoader,io.flutter.embedding.engine.FlutterJNI)
    public void <init>(android.content.Context,io.flutter.embedding.engine.loader.FlutterLoader,io.flutter.embedding.engine.FlutterJNI,java.lang.String[],boolean)
    public void <init>(android.content.Context,io.flutter.embedding.engine.loader.FlutterLoader,io.flutter.embedding.engine.FlutterJNI,io.flutter.plugin.platform.PlatformViewsController,java.lang.String[],boolean)
    io.flutter.embedding.engine.FlutterEngine spawn(android.content.Context,io.flutter.embedding.engine.dart.DartExecutor$DartEntrypoint,java.lang.String)
    public void addEngineLifecycleListener(io.flutter.embedding.engine.FlutterEngine$EngineLifecycleListener)
    public void removeEngineLifecycleListener(io.flutter.embedding.engine.FlutterEngine$EngineLifecycleListener)
    public io.flutter.embedding.engine.systemchannels.LocalizationChannel getLocalizationChannel()
    public io.flutter.embedding.engine.systemchannels.DeferredComponentChannel getDeferredComponentChannel()
    public io.flutter.embedding.engine.plugins.PluginRegistry getPlugins()
kotlin.jvm.internal.markers.KMutableList
kotlin.NoWhenBranchMatchedException
kotlin.text.MatchGroupCollection
kotlin.ranges.ClosedRange$DefaultImpls
kotlin.UnsafeVariance
androidx.core.view.WindowInsetsCompat$Impl21
androidx.core.content.res.GradientColorInflaterCompat$ColorStops
kotlin.jvm.internal.PropertyReference2
kotlin.time.Duration
androidx.arch.core.internal.SafeIterableMap$Entry:
    void <init>(java.lang.Object,java.lang.Object)
kotlin.contracts.ExperimentalContracts
kotlin.StandardKt__StandardKt
androidx.fragment.R$integer
kotlin.collections.MutableMapWithDefaultImpl
androidx.core.view.ViewPropertyAnimatorCompat$2
androidx.core.os.ExecutorCompat$HandlerExecutor
kotlin.collections.AbstractIterator
kotlin.math.MathKt__MathHKt
org.intellij.lang.annotations.JdkConstants$FontStyle
kotlin.time.TimedValue
kotlin.collections.ArraysKt___ArraysKt$asIterable$$inlined$Iterable$8
androidx.loader.R
androidx.viewpager.widget.ViewPager$DecorView
androidx.core.graphics.drawable.DrawableCompat
androidx.core.content.res.ResourcesCompat$FontCallback$1
kotlin.sequences.SequencesKt___SequencesKt$filterNotNull$1
kotlin.reflect.KMutableProperty
androidx.core.view.WindowInsetsCompat$BuilderImpl30
androidx.viewpager.R$id
kotlin.collections.ArraysKt___ArraysJvmKt$asList$8
kotlin.collections.AbstractMap
kotlin.collections.UArraysKt
kotlin.time.DurationUnitKt__DurationUnitKt
kotlin.collections.ArraysKt___ArraysKt$withIndex$5
androidx.annotation.RequiresOptIn
kotlin.jvm.internal.SpreadBuilder
kotlin.jvm.functions.Function17
kotlin.UByte
kotlin.collections.CollectionsKt__CollectionsKt